0 info it worked if it ends with ok
1 verbose cli [ 'C:\\PROGRA~1\\nodejs\\node.exe',
1 verbose cli   'C:\\PROGRA~1\\nodejs\\node_modules\\npm\\bin\\npm-cli.js',
1 verbose cli   'install' ]
2 info using npm@3.7.3
3 info using node@v5.9.1
4 silly loadCurrentTree Starting
5 silly install loadCurrentTree
6 silly install readLocalPackageData
7 silly install normalizeTree
8 silly loadCurrentTree Finishing
9 silly loadIdealTree Starting
10 silly install loadIdealTree
11 silly cloneCurrentTree Starting
12 silly install cloneCurrentTreeToIdealTree
13 silly cloneCurrentTree Finishing
14 silly loadShrinkwrap Starting
15 silly install loadShrinkwrap
16 silly loadShrinkwrap Finishing
17 silly loadAllDepsIntoIdealTree Starting
18 silly install loadAllDepsIntoIdealTree
19 silly fetchNamedPackageData jquery-animateNumber
20 silly mapToRegistry name jquery-animateNumber
21 silly mapToRegistry using default registry
22 silly mapToRegistry registry https://registry.npmjs.org/
23 silly mapToRegistry uri https://registry.npmjs.org/jquery-animateNumber
24 verbose request uri https://registry.npmjs.org/jquery-animateNumber
25 verbose request no auth needed
26 info attempt registry request try #1 at 2:07:56 PM
27 verbose request id dd8dae66d2ed9d74
28 http request GET https://registry.npmjs.org/jquery-animateNumber
29 http 404 https://registry.npmjs.org/jquery-animateNumber
30 verbose headers { 'content-type': 'application/json',
30 verbose headers   'cache-control': 'max-age=0',
30 verbose headers   'content-length': '2',
30 verbose headers   'accept-ranges': 'bytes',
30 verbose headers   date: 'Thu, 02 Feb 2017 07:07:58 GMT',
30 verbose headers   via: '1.1 varnish',
30 verbose headers   age: '0',
30 verbose headers   connection: 'keep-alive',
30 verbose headers   'x-served-by': 'cache-sin6922-SIN',
30 verbose headers   'x-cache': 'MISS',
30 verbose headers   'x-cache-hits': '0',
30 verbose headers   'x-timer': 'S1486019277.516433,VS0,VE926',
30 verbose headers   vary: 'Accept-Encoding' }
31 silly get cb [ 404,
31 silly get   { 'content-type': 'application/json',
31 silly get     'cache-control': 'max-age=0',
31 silly get     'content-length': '2',
31 silly get     'accept-ranges': 'bytes',
31 silly get     date: 'Thu, 02 Feb 2017 07:07:58 GMT',
31 silly get     via: '1.1 varnish',
31 silly get     age: '0',
31 silly get     connection: 'keep-alive',
31 silly get     'x-served-by': 'cache-sin6922-SIN',
31 silly get     'x-cache': 'MISS',
31 silly get     'x-cache-hits': '0',
31 silly get     'x-timer': 'S1486019277.516433,VS0,VE926',
31 silly get     vary: 'Accept-Encoding' } ]
32 silly fetchPackageMetaData Error: Registry returned 404 for GET on https://registry.npmjs.org/jquery-animateNumber
32 silly fetchPackageMetaData     at makeError (C:\PROGRA~1\nodejs\node_modules\npm\node_modules\npm-registry-client\lib\request.js:264:12)
32 silly fetchPackageMetaData     at CachingRegistryClient.<anonymous> (C:\PROGRA~1\nodejs\node_modules\npm\node_modules\npm-registry-client\lib\request.js:242:14)
32 silly fetchPackageMetaData     at Request._callback (C:\PROGRA~1\nodejs\node_modules\npm\node_modules\npm-registry-client\lib\request.js:172:14)
32 silly fetchPackageMetaData     at Request.self.callback (C:\PROGRA~1\nodejs\node_modules\npm\node_modules\request\request.js:199:22)
32 silly fetchPackageMetaData     at emitTwo (events.js:100:13)
32 silly fetchPackageMetaData     at Request.emit (events.js:185:7)
32 silly fetchPackageMetaData     at Request.<anonymous> (C:\PROGRA~1\nodejs\node_modules\npm\node_modules\request\request.js:1036:10)
32 silly fetchPackageMetaData     at emitOne (events.js:95:20)
32 silly fetchPackageMetaData     at Request.emit (events.js:182:7)
32 silly fetchPackageMetaData     at IncomingMessage.<anonymous> (C:\PROGRA~1\nodejs\node_modules\npm\node_modules\request\request.js:963:12)
32 silly fetchPackageMetaData  error for jquery-animateNumber@^0.0.14 { [Error: Registry returned 404 for GET on https://registry.npmjs.org/jquery-animateNumber] pkgid: 'jquery-animateNumber', statusCode: 404, code: 'E404' }
33 silly rollbackFailedOptional Starting
34 silly rollbackFailedOptional Finishing
35 silly runTopLevelLifecycles Starting
36 silly runTopLevelLifecycles Finishing
37 silly install printInstalled
38 verbose stack Error: Registry returned 404 for GET on https://registry.npmjs.org/jquery-animateNumber
38 verbose stack     at makeError (C:\PROGRA~1\nodejs\node_modules\npm\node_modules\npm-registry-client\lib\request.js:264:12)
38 verbose stack     at CachingRegistryClient.<anonymous> (C:\PROGRA~1\nodejs\node_modules\npm\node_modules\npm-registry-client\lib\request.js:242:14)
38 verbose stack     at Request._callback (C:\PROGRA~1\nodejs\node_modules\npm\node_modules\npm-registry-client\lib\request.js:172:14)
38 verbose stack     at Request.self.callback (C:\PROGRA~1\nodejs\node_modules\npm\node_modules\request\request.js:199:22)
38 verbose stack     at emitTwo (events.js:100:13)
38 verbose stack     at Request.emit (events.js:185:7)
38 verbose stack     at Request.<anonymous> (C:\PROGRA~1\nodejs\node_modules\npm\node_modules\request\request.js:1036:10)
38 verbose stack     at emitOne (events.js:95:20)
38 verbose stack     at Request.emit (events.js:182:7)
38 verbose stack     at IncomingMessage.<anonymous> (C:\PROGRA~1\nodejs\node_modules\npm\node_modules\request\request.js:963:12)
39 verbose statusCode 404
40 verbose pkgid jquery-animateNumber
41 verbose cwd C:\Users\d_k\Documents\BNI\simponi-portal
42 error Windows_NT 10.0.14393
43 error argv "C:\\PROGRA~1\\nodejs\\node.exe" "C:\\PROGRA~1\\nodejs\\node_modules\\npm\\bin\\npm-cli.js" "install"
44 error node v5.9.1
45 error npm  v3.7.3
46 error code E404
47 error 404 Registry returned 404 for GET on https://registry.npmjs.org/jquery-animateNumber
48 error 404
49 error 404 'jquery-animateNumber' is not in the npm registry.
50 error 404 Your package name is not valid, because
51 error 404 1. name can no longer contain capital letters
52 error 404 It was specified as a dependency of 'simponi'
53 error 404 Note that you can also install from a
54 error 404 tarball, folder, http url, or git url.
55 verbose exit [ 1, true ]
